Determining if the pthread_create exist failed with the following output:
Change Dir: /home/fanghaow/dev/catkin_ws/src/rplidar_ros/build/CMakeFiles/CMakeTmp

Run Build Command:"/usr/bin/make" "cmTC_09101/fast"
/usr/bin/make -f CMakeFiles/cmTC_09101.dir/build.make CMakeFiles/cmTC_09101.dir/build
make[1]: 进入目录“/home/fanghaow/dev/catkin_ws/src/rplidar_ros/build/CMakeFiles/CMakeTmp”
Building C object CMakeFiles/cmTC_09101.dir/CheckSymbolExists.c.o
/usr/bin/gcc-7    -o CMakeFiles/cmTC_09101.dir/CheckSymbolExists.c.o   -c /home/fanghaow/dev/catkin_ws/src/rplidar_ros/build/CMakeFiles/CMakeTmp/CheckSymbolExists.c
Linking C executable cmTC_09101
/usr/bin/cmake -E cmake_link_script CMakeFiles/cmTC_09101.dir/link.txt --verbose=1
/usr/bin/gcc-7      -rdynamic CMakeFiles/cmTC_09101.dir/CheckSymbolExists.c.o  -o cmTC_09101 
CMakeFiles/cmTC_09101.dir/CheckSymbolExists.c.o：在函数‘main’中：
CheckSymbolExists.c:(.text+0x1b)：对‘pthread_create’未定义的引用
collect2: error: ld returned 1 exit status
CMakeFiles/cmTC_09101.dir/build.make:97: recipe for target 'cmTC_09101' failed
make[1]: *** [cmTC_09101] Error 1
make[1]: 离开目录“/home/fanghaow/dev/catkin_ws/src/rplidar_ros/build/CMakeFiles/CMakeTmp”
Makefile:126: recipe for target 'cmTC_09101/fast' failed
make: *** [cmTC_09101/fast] Error 2

File /home/fanghaow/dev/catkin_ws/src/rplidar_ros/build/CMakeFiles/CMakeTmp/CheckSymbolExists.c:
/* */
#include <pthread.h>

int main(int argc, char** argv)
{
  (void)argv;
#ifndef pthread_create
  return ((int*)(&pthread_create))[argc];
#else
  (void)argc;
  return 0;
#endif
}

Determining if the function pthread_create exists in the pthreads failed with the following output:
Change Dir: /home/fanghaow/dev/catkin_ws/src/rplidar_ros/build/CMakeFiles/CMakeTmp

Run Build Command:"/usr/bin/make" "cmTC_0ba09/fast"
/usr/bin/make -f CMakeFiles/cmTC_0ba09.dir/build.make CMakeFiles/cmTC_0ba09.dir/build
make[1]: 进入目录“/home/fanghaow/dev/catkin_ws/src/rplidar_ros/build/CMakeFiles/CMakeTmp”
Building C object CMakeFiles/cmTC_0ba09.dir/CheckFunctionExists.c.o
/usr/bin/gcc-7   -DCHECK_FUNCTION_EXISTS=pthread_create   -o CMakeFiles/cmTC_0ba09.dir/CheckFunctionExists.c.o   -c /usr/share/cmake-3.10/Modules/CheckFunctionExists.c
Linking C executable cmTC_0ba09
/usr/bin/cmake -E cmake_link_script CMakeFiles/cmTC_0ba09.dir/link.txt --verbose=1
/usr/bin/gcc-7  -DCHECK_FUNCTION_EXISTS=pthread_create    -rdynamic CMakeFiles/cmTC_0ba09.dir/CheckFunctionExists.c.o  -o cmTC_0ba09 -lpthreads 
/usr/bin/ld: 找不到 -lpthreads
collect2: error: ld returned 1 exit status
CMakeFiles/cmTC_0ba09.dir/build.make:97: recipe for target 'cmTC_0ba09' failed
make[1]: *** [cmTC_0ba09] Error 1
make[1]: 离开目录“/home/fanghaow/dev/catkin_ws/src/rplidar_ros/build/CMakeFiles/CMakeTmp”
Makefile:126: recipe for target 'cmTC_0ba09/fast' failed
make: *** [cmTC_0ba09/fast] Error 2


